Build started 2016/3/25 13:52:51.
     1>Project "E:\iaccepted\Beckmann\Beckmann\Beckmann.vcxproj" on node 2 (Build target(s)).
     1>ClCompile:
         D:\Program Files (x86)\vs2013\VC\bin\CL.exe /c /I.\3rdParty\FreeImage /I".\3rdParty\assimp-3.1.1\include" /I".\3rdParty\glew-1.13.0\include" /I".\3rdParty\glfw-3.1.1\include" /I".\3rdParty\glm-0.9.6.3\glm" /I"C:\Program Files (x86)\Visual Leak Detector\include" /I"D:\Program Files (x86)\opencv\build\include" /ZI /nologo /W3 /WX- /sdl /Od /Oy- /D _CRT_SECURE_NO_WARNINGS /D _MBCS /Gm /EHsc /RTC1 /MDd /GS /fp:precise /Zc:wchar_t /Zc:forScope /Fo"Debug\\" /Fd"Debug\vc120.pdb" /Gd /TP /analyze- /errorReport:prompt main.cpp TextureManager.cpp
         TextureManager.cpp
     1>e:\iaccepted\beckmann\beckmann\texturemanager.cpp(58): warning C4101: 'gl_texID' : unreferenced local variable
     1>e:\iaccepted\beckmann\beckmann\texturemanager.cpp(176): warning C4018: '<' : signed/unsigned mismatch
     1>e:\iaccepted\beckmann\beckmann\texturemanager.cpp(179): warning C4018: '<' : signed/unsigned mismatch
     1>e:\iaccepted\beckmann\beckmann\texturemanager.cpp(189): warning C4800: 'BOOL' : forcing value to bool 'true' or 'false' (performance warning)
         main.cpp
     1>c:\program files (x86)\windows kits\8.1\include\shared\minwindef.h(130): warning C4005: 'APIENTRY' : macro redefinition
                 e:\iaccepted\beckmann\beckmann\3rdparty\glfw-3.1.1\include\glfw\glfw3.h(85) : see previous definition of 'APIENTRY'
         Generating Code...
       Link:
         D:\Program Files (x86)\vs2013\VC\bin\link.exe /ERRORREPORT:PROMPT /OUT:"E:\iaccepted\Beckmann\Debug\Beckmann.exe" /INCREMENTAL /NOLOGO /LIBPATH:.\3rdParty\FreeImage /LIBPATH:".\3rdParty\assimp-3.1.1\lib" /LIBPATH:".\3rdParty\glew-1.13.0\lib\Release\Win32" /LIBPATH:".\3rdParty\glfw-3.1.1\lib" /LIBPATH:"C:\Program Files (x86)\Visual Leak Detector\lib\Win32" /LIBPATH:"D:\Program Files (x86)\opencv\build\x86\vc12\lib" assimp.lib glew32.lib glfw3.lib opengl32.lib FreeImage.lib opencv_calib3d2410.lib opencv_contrib2410.lib opencv_core2410.lib opencv_features2d2410.lib opencv_flann2410.lib opencv_gpu2410.lib opencv_highgui2410.lib opencv_imgproc2410.lib opencv_legacy2410.lib opencv_ml2410.lib opencv_nonfree2410.lib opencv_objdetect2410.lib opencv_ocl2410.lib opencv_photo2410.lib opencv_stitching2410.lib opencv_superres2410.lib opencv_ts2410.lib opencv_video2410.lib opencv_videostab2410.lib kernel32.lib user32.lib gdi32.lib winspool.lib comdlg32.lib advapi32.lib shell32.lib ole32.lib oleaut32.lib uuid.lib odbc32.lib odbccp32.lib /MANIFEST /MANIFESTUAC:"level='asInvoker' uiAccess='false'" /manifest:embed /DEBUG /PDB:"E:\iaccepted\Beckmann\Debug\Beckmann.pdb" /SUBSYSTEM:CONSOLE /TLBID:1 /DYNAMICBASE /NXCOMPAT /IMPLIB:"E:\iaccepted\Beckmann\Debug\Beckmann.lib" /MACHINE:X86 Debug\main.obj
         Debug\ProgramManager.obj
         Debug\TextureManager.obj
     1>glfw3.lib(context.obj) : warning LNK4099: PDB 'vc120.pdb' was not found with 'glfw3.lib(context.obj)' or at 'E:\iaccepted\Beckmann\Debug\vc120.pdb'; linking object as if no debug info
     1>glfw3.lib(init.obj) : warning LNK4099: PDB 'vc120.pdb' was not found with 'glfw3.lib(init.obj)' or at 'E:\iaccepted\Beckmann\Debug\vc120.pdb'; linking object as if no debug info
     1>glfw3.lib(input.obj) : warning LNK4099: PDB 'vc120.pdb' was not found with 'glfw3.lib(input.obj)' or at 'E:\iaccepted\Beckmann\Debug\vc120.pdb'; linking object as if no debug info
     1>glfw3.lib(monitor.obj) : warning LNK4099: PDB 'vc120.pdb' was not found with 'glfw3.lib(monitor.obj)' or at 'E:\iaccepted\Beckmann\Debug\vc120.pdb'; linking object as if no debug info
     1>glfw3.lib(window.obj) : warning LNK4099: PDB 'vc120.pdb' was not found with 'glfw3.lib(window.obj)' or at 'E:\iaccepted\Beckmann\Debug\vc120.pdb'; linking object as if no debug info
     1>glfw3.lib(win32_init.obj) : warning LNK4099: PDB 'vc120.pdb' was not found with 'glfw3.lib(win32_init.obj)' or at 'E:\iaccepted\Beckmann\Debug\vc120.pdb'; linking object as if no debug info
     1>glfw3.lib(win32_monitor.obj) : warning LNK4099: PDB 'vc120.pdb' was not found with 'glfw3.lib(win32_monitor.obj)' or at 'E:\iaccepted\Beckmann\Debug\vc120.pdb'; linking object as if no debug info
     1>glfw3.lib(win32_time.obj) : warning LNK4099: PDB 'vc120.pdb' was not found with 'glfw3.lib(win32_time.obj)' or at 'E:\iaccepted\Beckmann\Debug\vc120.pdb'; linking object as if no debug info
     1>glfw3.lib(win32_tls.obj) : warning LNK4099: PDB 'vc120.pdb' was not found with 'glfw3.lib(win32_tls.obj)' or at 'E:\iaccepted\Beckmann\Debug\vc120.pdb'; linking object as if no debug info
     1>glfw3.lib(win32_window.obj) : warning LNK4099: PDB 'vc120.pdb' was not found with 'glfw3.lib(win32_window.obj)' or at 'E:\iaccepted\Beckmann\Debug\vc120.pdb'; linking object as if no debug info
     1>glfw3.lib(winmm_joystick.obj) : warning LNK4099: PDB 'vc120.pdb' was not found with 'glfw3.lib(winmm_joystick.obj)' or at 'E:\iaccepted\Beckmann\Debug\vc120.pdb'; linking object as if no debug info
     1>glfw3.lib(wgl_context.obj) : warning LNK4099: PDB 'vc120.pdb' was not found with 'glfw3.lib(wgl_context.obj)' or at 'E:\iaccepted\Beckmann\Debug\vc120.pdb'; linking object as if no debug info
         Beckmann.vcxproj -> E:\iaccepted\Beckmann\Debug\Beckmann.exe
     1>Done Building Project "E:\iaccepted\Beckmann\Beckmann\Beckmann.vcxproj" (Build target(s)).

Build succeeded.

Time Elapsed 00:00:01.73
